make all --print-data-base --no-builtin-variables --no-builtin-rules --question
# GNU Make 3.81
# Copyright (C) 2006  Free Software Foundation, Inc.
# This is free software; see the source for copying conditions.
# There is NO warranty; not even for MERCHANTABILITY or FITNESS FOR A
# PARTICULAR PURPOSE.

# This program built for i386-apple-darwin11.3.0
/Library/Developer/CommandLineTools/usr/bin/make -C /lib/modules/`uname -r`/build M=`pwd` modules
 
# GNU Make 3.81
# Copyright (C) 2006  Free Software Foundation, Inc.
# This is free software; see the source for copying conditions.
# There is NO warranty; not even for MERCHANTABILITY or FITNESS FOR A
# PARTICULAR PURPOSE.

# This program built for i386-apple-darwin11.3.0

# Make data base, printed on Wed Dec  8 10:06:28 2021

# Variables

# environment
VSCODE_LOG_NATIVE = false
# environment
SHELL = /bin/zsh
# command line
M = /Users/huangpengxiang/Desktop/CSC
# environment
VSCODE_NLS_CONFIG = {"locale":"zh-cn","availableLanguages":{"*":"zh-cn"},"_languagePackId":"92f61bb58ac5751fbb82c3c2359454f5.zh-cn","_translationsConfigFile":"/Users/huangpengxiang/Library/Application Support/Code/clp/92f61bb58ac5751fbb82c3c2359454f5.zh-cn/tcf.json","_cacheRoot":"/Users/huangpengxiang/Library/Application Support/Code/clp/92f61bb58ac5751fbb82c3c2359454f5.zh-cn","_resolvedLanguagePackCoreLocation":"/Users/huangpengxiang/Library/Application Support/Code/clp/92f61bb58ac5751fbb82c3c2359454f5.zh-cn/ccbaa2d27e38e5afa3e5c21c1c7bef4657064247","_corruptedFile":"/Users/huangpengxiang/Library/Application Support/Code/clp/92f61bb58ac5751fbb82c3c2359454f5.zh-cn/corrupted.info","_languagePackSupport":true}
# environment
_ = /Library/Developer/CommandLineTools/usr/bin/make
# environment
VSCODE_VERBOSE_LOGGING = true
# environment
__CFBundleIdentifier = com.microsoft.VSCode
# environment
VSCODE_IPC_HOOK_EXTHOST = /var/folders/08/4qzfvftx64919594f1d3w9th0000gn/T/vscode-ipc-08b747af-fe92-49cb-b0f7-b75603ea16ee.sock
# environment
VSCODE_CWD = /
# environment
PATH = /Users/huangpengxiang/opt/anaconda3/bin:/Library/Frameworks/Python.framework/Versions/3.8/bin:/usr/local/bin:/usr/bin:/bin:/usr/sbin:/sbin:/Applications/VMware Fusion.app/Contents/Public:/usr/local/share/dotnet:/opt/X11/bin:~/.dotnet/tools:/Library/Apple/usr/bin
# environment
LaunchInstanceID = 1D44D083-553F-4098-A591-B391D62428BC
# environment
VSCODE_LOG_STACK = false
# environment
ELECTRON_RUN_AS_NODE = 1
# default
.FEATURES := target-specific order-only second-expansion else-if archives jobserver check-symlink
# environment
SSH_AUTH_SOCK = /private/tmp/com.apple.launchd.sVlC6DrtuR/Listeners
# environment
DISPLAY = /private/tmp/com.apple.launchd.WOfdDk0wcY/org.xquartz:0
# environment
VSCODE_PIPE_LOGGING = true
# environment
PWD = /Users/huangpengxiang/Desktop/CSC 3150/Assignment/Assignment_5_119010108/source
# environment
ORIGINAL_XDG_CURRENT_DESKTOP = undefined
# environment
VSCODE_AMD_ENTRYPOINT = vs/workbench/services/extensions/node/extensionHostProcess
# environment
HOME = /Users/huangpengxiang
# environment
VSCODE_CODE_CACHE_PATH = /Users/huangpengxiang/Library/Application Support/Code/CachedData/ccbaa2d27e38e5afa3e5c21c1c7bef4657064247
# environment
LOGNAME = huangpengxiang
# environment
APPLICATION_INSIGHTS_NO_DIAGNOSTIC_CHANNEL = true
# environment
VSCODE_HANDLES_UNCAUGHT_ERRORS = true
# environment
XPC_FLAGS = 0x0
# default
MAKE = $(MAKE_COMMAND)
# default
MAKECMDGOALS := 3150/Assignment/Assignment_5_119010108/source modules
# environment
SHLVL = 2
# environment
MAKEOVERRIDES = ${-*-command-variables-*-}
# environment
USER = huangpengxiang
# default
MAKE_COMMAND := /Library/Developer/CommandLineTools/usr/bin/make
# default
.VARIABLES := 
# environment
TMPDIR = /var/folders/08/4qzfvftx64919594f1d3w9th0000gn/T/
# environment
VSCODE_IPC_HOOK = /Users/huangpengxiang/Library/Application Support/Code/1.62.3-main.sock
# environment
MAKEFLAGS = Rrqp
# environment
MFLAGS = -Rrqp
# environment
XPC_SERVICE_NAME = application.com.microsoft.VSCode.76883671.76883677
# automatic
-*-command-variables-*- := M=/Users/huangpengxiang/Desktop/CSC
# environment
__CF_USER_TEXT_ENCODING = 0x1F5:0x19:0x34
# environment
COMMAND_MODE = unix2003
# environment
LC_ALL = C
# environment
SECURITYSESSIONID = 186a3
# environment
MAKELEVEL = 1
# environment
LANG = C
# environment
VSCODE_PID = 448
# variable set hash-table stats:
# Load=46/1024=4%, Rehash=0, Collisions=1/56=2%

# Pattern-specific Variable Values

# No pattern-specific variable values.

# Directories


# No files, no impossibilities in 0 directories.

# Implicit Rules

# No implicit rules.

# Files

# Not a target:
modules:
#  Command-line target.
#  Implicit rule search has not been done.
#  Modification time never checked.
#  File has not been updated.

# Not a target:
3150/Assignment/Assignment_5_119010108/source:
#  Command-line target.
#  Implicit rule search has not been done.
#  Modification time never checked.
#  File has not been updated.

# files hash-table stats:
# Load=2/1024=0%, Rehash=0, Collisions=0/2=0%
# VPATH Search Paths

# No `vpath' search paths.

# No general (`VPATH' variable) search path.

# # of strings in strcache: 0
# # of strcache buffers: 0
# strcache size: total = 0 / max = 0 / min = 4096 / avg = 0
# strcache free: total = 0 / max = 0 / min = 4096 / avg = 0

# Finished Make data base on Wed Dec  8 10:06:28 2021


# Make data base, printed on Wed Dec  8 10:06:28 2021

# Variables

# automatic
<D = $(patsubst %/,%,$(dir $<))
# automatic
?F = $(notdir $?)
# environment
VSCODE_LOG_NATIVE = false
# automatic
?D = $(patsubst %/,%,$(dir $?))
# automatic
@D = $(patsubst %/,%,$(dir $@))
# automatic
@F = $(notdir $@)
# makefile
CURDIR := /Users/huangpengxiang/Desktop/CSC 3150/Assignment/Assignment_5_119010108/source
# makefile
SHELL = /bin/sh
# environment
VSCODE_NLS_CONFIG = {"locale":"zh-cn","availableLanguages":{"*":"zh-cn"},"_languagePackId":"92f61bb58ac5751fbb82c3c2359454f5.zh-cn","_translationsConfigFile":"/Users/huangpengxiang/Library/Application Support/Code/clp/92f61bb58ac5751fbb82c3c2359454f5.zh-cn/tcf.json","_cacheRoot":"/Users/huangpengxiang/Library/Application Support/Code/clp/92f61bb58ac5751fbb82c3c2359454f5.zh-cn","_resolvedLanguagePackCoreLocation":"/Users/huangpengxiang/Library/Application Support/Code/clp/92f61bb58ac5751fbb82c3c2359454f5.zh-cn/ccbaa2d27e38e5afa3e5c21c1c7bef4657064247","_corruptedFile":"/Users/huangpengxiang/Library/Application Support/Code/clp/92f61bb58ac5751fbb82c3c2359454f5.zh-cn/corrupted.info","_languagePackSupport":true}
# environment
_ = /usr/bin/make
# makefile (from `Makefile', line 1)
MAKEFILE_LIST :=  Makefile
# environment
VSCODE_VERBOSE_LOGGING = true
# environment
__CFBundleIdentifier = com.microsoft.VSCode
# makefile (from `Makefile', line 2)
mydev-objs := main.o
# environment
VSCODE_IPC_HOOK_EXTHOST = /var/folders/08/4qzfvftx64919594f1d3w9th0000gn/T/vscode-ipc-08b747af-fe92-49cb-b0f7-b75603ea16ee.sock
# environment
VSCODE_CWD = /
# environment
PATH = /Users/huangpengxiang/opt/anaconda3/bin:/Library/Frameworks/Python.framework/Versions/3.8/bin:/usr/local/bin:/usr/bin:/bin:/usr/sbin:/sbin:/Applications/VMware Fusion.app/Contents/Public:/usr/local/share/dotnet:/opt/X11/bin:~/.dotnet/tools:/Library/Apple/usr/bin
# environment
LaunchInstanceID = 1D44D083-553F-4098-A591-B391D62428BC
# environment
VSCODE_LOG_STACK = false
# environment
ELECTRON_RUN_AS_NODE = 1
# default
.FEATURES := target-specific order-only second-expansion else-if archives jobserver check-symlink
# environment
SSH_AUTH_SOCK = /private/tmp/com.apple.launchd.sVlC6DrtuR/Listeners
# automatic
%F = $(notdir $%)
# environment
DISPLAY = /private/tmp/com.apple.launchd.WOfdDk0wcY/org.xquartz:0
# environment
VSCODE_PIPE_LOGGING = true
# environment
PWD = /Users/huangpengxiang/Desktop/CSC 3150/Assignment/Assignment_5_119010108/source
# environment
ORIGINAL_XDG_CURRENT_DESKTOP = undefined
# environment
VSCODE_AMD_ENTRYPOINT = vs/workbench/services/extensions/node/extensionHostProcess
# environment
HOME = /Users/huangpengxiang
# default
MAKEFILEPATH = $(shell /usr/bin/xcode-select -print-path 2>/dev/null || echo /Developer)/Makefiles
# environment
VSCODE_CODE_CACHE_PATH = /Users/huangpengxiang/Library/Application Support/Code/CachedData/ccbaa2d27e38e5afa3e5c21c1c7bef4657064247
# environment
LOGNAME = huangpengxiang
# environment
APPLICATION_INSIGHTS_NO_DIAGNOSTIC_CHANNEL = true
# environment
VSCODE_HANDLES_UNCAUGHT_ERRORS = true
# automatic
^D = $(patsubst %/,%,$(dir $^))
# makefile (from `Makefile', line 3)
obj-m := mydev.o
# environment
XPC_FLAGS = 0x0
# default
MAKE = $(MAKE_COMMAND)
# default
MAKECMDGOALS := all
# environment
SHLVL = 1
 
make: *** /lib/modules/21.1.0/build: No such file or directory.  Stop.
make: *** [all] Error 2
 
# makefile (from `Makefile', line 5)
KERNELDIR := /lib/modules/`uname -r`/build
# default
MAKE_VERSION := 3.81
# environment
USER = huangpengxiang
# makefile
.DEFAULT_GOAL := all
# automatic
%D = $(patsubst %/,%,$(dir $%))
# default
MAKE_COMMAND := /Library/Developer/CommandLineTools/usr/bin/make
# default
.VARIABLES := 
# environment
TMPDIR = /var/folders/08/4qzfvftx64919594f1d3w9th0000gn/T/
# automatic
*F = $(notdir $*)
# environment
VSCODE_IPC_HOOK = /Users/huangpengxiang/Library/Application Support/Code/1.62.3-main.sock
# makefile
MAKEFLAGS = Rrqp
# makefile (from `Makefile', line 1)
mname := mydev
# environment
MFLAGS = -Rrqp
# automatic
*D = $(patsubst %/,%,$(dir $*))
# environment
XPC_SERVICE_NAME = application.com.microsoft.VSCode.76883671.76883677
# automatic
+D = $(patsubst %/,%,$(dir $+))
# automatic
+F = $(notdir $+)
# environment
__CF_USER_TEXT_ENCODING = 0x1F5:0x19:0x34
# environment
COMMAND_MODE = unix2003
# default
MAKEFILES := 
# automatic
<F = $(notdir $<)
# environment
LC_ALL = C
# environment
SECURITYSESSIONID = 186a3
# automatic
^F = $(notdir $^)
# default
SUFFIXES := 
# default
.INCLUDE_DIRS = /usr/local/include
# environment
MAKELEVEL := 0
# environment
LANG = C
# environment
VSCODE_PID = 448
# variable set hash-table stats:
# Load=69/1024=7%, Rehash=0, Collisions=1/100=1%

# Pattern-specific Variable Values

# No pattern-specific variable values.

# Directories

# . (device 16777221, inode 78327640): 10 files, no impossibilities.

# 10 files, no impossibilities in 1 directories.

# Implicit Rules

# No implicit rules.

# Files

all:
#  Command-line target.
#  Implicit rule search has not been done.
#  Implicit/static pattern stem: `'
#  Last modified 1970-01-01 07:59:56
#  File has been updated.
#  Failed to be updated.
# automatic
# @ := all
# automatic
# % := 
# automatic
# * := 
# automatic
# + := 
# automatic
# | := 
# automatic
# < := 
# automatic
# ^ := 
# automatic
# ? := 
# variable set hash-table stats:
# Load=8/32=25%, Rehash=0, Collisions=3/13=23%
#  commands to execute (from `Makefile', line 8):
	$(MAKE) -C $(KERNELDIR) M=`pwd` modules
	sudo insmod mydev.ko
	gcc -o test test.c
	

# Not a target:
.SUFFIXES:
#  Implicit rule search has not been done.
#  Modification time never checked.
#  File has not been updated.

# Not a target:
Makefile:
#  Implicit rule search has been done.
#  Last modified 2018-11-28 15:36:18
#  File has been updated.
#  Successfully updated.
# variable set hash-table stats:
# Load=0/32=0%, Rehash=0, Collisions=0/0=0%

# Not a target:
.DEFAULT:
#  Implicit rule search has not been done.
#  Modification time never checked.
#  File has not been updated.

clean:
#  Implicit rule search has not been done.
#  Modification time never checked.
#  File has not been updated.
#  commands to execute (from `Makefile', line 13):
	$(MAKE) -C $(KERNELDIR) M=`pwd` clean
	sudo rmmod mydev
	rm test
	dmesg | grep OS_AS5
	

# files hash-table stats:
# Load=5/1024=0%, Rehash=0, Collisions=0/20=0%
# VPATH Search Paths

# No `vpath' search paths.

# No general (`VPATH' variable) search path.

# # of strings in strcache: 1
# # of strcache buffers: 1
# strcache size: total = 4096 / max = 4096 / min = 4096 / avg = 4096
# strcache free: total = 4087 / max = 4087 / min = 4087 / avg = 4087

# Finished Make data base on Wed Dec  8 10:06:28 2021

 
